<?xml version="1.0" encoding="UTF-8"?>
<testng-results skipped="0" failed="0" ignored="0" total="1" passed="1">
  <reporter-output>
  </reporter-output>
  <suite name="TestCreateXml" duration-ms="104" started-at="2019-02-14T09:35:53Z" finished-at="2019-02-14T09:35:53Z">
    <groups>
    </groups>
    <test name="Command line test" duration-ms="104" started-at="2019-02-14T09:35:53Z" finished-at="2019-02-14T09:35:53Z">
      <class name="TestCreateXml">
        <test-method status="PASS" signature="testXmlCreation()[pri:0, instance:TestCreateXml@5419f379]" name="testXmlCreation" duration-ms="74" started-at="2019-02-14T09:35:53Z" finished-at="2019-02-14T09:35:53Z">
          <reporter-output>
          </reporter-output>
        </test-method> <!-- testXmlCreation -->
      </class> <!-- TestCreateXml -->
    </test> <!-- Command line test -->
  </suite> <!-- TestCreateXml -->
</testng-results>
